2017-06-16 12:36:08,126 INFO  - HHH000228: Running hbm2ddl schema update
2017-06-16 12:36:08,126 INFO  - HHH000102: Fetching database metadata
2017-06-16 12:36:08,126 INFO  - HHH000396: Updating schema
2017-06-16 12:36:08,142 INFO  - HHH000261: Table found: SYSTEM.APPOINTMENTREGISTER
2017-06-16 12:36:08,142 INFO  - HHH000037: Columns: [slot04, slot03, slot02, bookeddate, department, slot01, aid, doctorname, employeeid]
2017-06-16 12:36:08,142 INFO  - HHH000108: Foreign keys: []
2017-06-16 12:36:08,142 INFO  - HHH000126: Indexes: [sys_c007484]
2017-06-16 12:36:08,142 INFO  - HHH000261: Table found: SYSTEM.ADMIN
2017-06-16 12:36:08,142 INFO  - HHH000037: Columns: [password, id, username]
2017-06-16 12:36:08,142 INFO  - HHH000108: Foreign keys: []
2017-06-16 12:36:08,142 INFO  - HHH000126: Indexes: [sys_c007357]
2017-06-16 12:36:08,158 INFO  - HHH000261: Table found: SYSTEM.DOCTORENTITY
2017-06-16 12:36:08,158 INFO  - HHH000037: Columns: [qualification, doctorid, name, department]
2017-06-16 12:36:08,158 INFO  - HHH000108: Foreign keys: []
2017-06-16 12:36:08,158 INFO  - HHH000126: Indexes: [sys_c007476]
2017-06-16 12:36:08,158 INFO  - HHH000261: Table found: SYSTEM.PATIENTENTITY
2017-06-16 12:36:08,158 INFO  - HHH000037: Columns: [firstname, password, address, gender, dob, contact, id, email, lastname]
2017-06-16 12:36:08,158 INFO  - HHH000108: Foreign keys: []
2017-06-16 12:36:08,158 INFO  - HHH000126: Indexes: [sys_c007479, sys_c007480, sys_c007478]
2017-06-16 12:36:08,158 INFO  - HHH000232: Schema update complete
2017-06-16 12:36:08,158 INFO  - HHH000043: Configuring from resource: com/hibernateutil/hibernate.cfg.xml
2017-06-16 12:36:08,158 INFO  - HHH000040: Configuration resource: com/hibernateutil/hibernate.cfg.xml
2017-06-16 12:36:08,158 WARN  - HHH000223: Recognized obsolete hibernate namespace http://hibernate.sourceforge.net/. Use namespace http://www.hibernate.org/dtd/ instead. Refer to Hibernate 3.6 Migration Guide!
2017-06-16 12:36:08,173 INFO  - HHH000041: Configured SessionFactory: null
2017-06-16 12:36:08,173 INFO  - HHH000402: Using Hibernate built-in connection pool (not for production use!)
2017-06-16 12:36:08,173 INFO  - HHH000115: Hibernate connection pool size: 20
2017-06-16 12:36:08,173 INFO  - HHH000006: Autocommit mode: false
2017-06-16 12:36:08,173 INFO  - HHH000401: using driver [oracle.jdbc.driver.OracleDriver] at URL [jdbc:oracle:thin:@localhost:1521:xe]
2017-06-16 12:36:08,173 INFO  - HHH000046: Connection properties: {user=SYSTEM, password=****}
2017-06-16 12:36:08,204 INFO  - HHH000400: Using dialect: org.hibernate.dialect.OracleDialect
2017-06-16 12:36:08,204 WARN  - HHH000063: The Oracle9Dialect dialect has been deprecated; use either Oracle9iDialect or Oracle10gDialect instead
2017-06-16 12:36:08,204 WARN  - HHH000064: The OracleDialect dialect has been deprecated; use Oracle8iDialect instead
2017-06-16 12:36:08,220 INFO  - HHH000399: Using default transaction strategy (direct JDBC transactions)
2017-06-16 12:36:08,220 INFO  - HHH000397: Using ASTQueryTranslatorFactory
2017-06-16 12:36:08,220 INFO  - HHH000228: Running hbm2ddl schema update
2017-06-16 12:36:08,220 INFO  - HHH000102: Fetching database metadata
2017-06-16 12:36:08,220 INFO  - HHH000396: Updating schema
2017-06-16 12:36:08,236 INFO  - HHH000261: Table found: SYSTEM.APPOINTMENTREGISTER
2017-06-16 12:36:08,236 INFO  - HHH000037: Columns: [slot04, slot03, slot02, bookeddate, department, slot01, aid, doctorname, employeeid]
2017-06-16 12:36:08,236 INFO  - HHH000108: Foreign keys: []
2017-06-16 12:36:08,236 INFO  - HHH000126: Indexes: [sys_c007484]
2017-06-16 12:36:08,236 INFO  - HHH000261: Table found: SYSTEM.ADMIN
2017-06-16 12:36:08,251 INFO  - HHH000037: Columns: [password, id, username]
2017-06-16 12:36:08,251 INFO  - HHH000108: Foreign keys: []
2017-06-16 12:36:08,251 INFO  - HHH000126: Indexes: [sys_c007357]
2017-06-16 12:36:08,251 INFO  - HHH000261: Table found: SYSTEM.DOCTORENTITY
2017-06-16 12:36:08,251 INFO  - HHH000037: Columns: [qualification, doctorid, name, department]
2017-06-16 12:36:08,251 INFO  - HHH000108: Foreign keys: []
2017-06-16 12:36:08,251 INFO  - HHH000126: Indexes: [sys_c007476]
2017-06-16 12:36:08,267 INFO  - HHH000261: Table found: SYSTEM.PATIENTENTITY
2017-06-16 12:36:08,267 INFO  - HHH000037: Columns: [firstname, password, address, gender, dob, contact, id, email, lastname]
2017-06-16 12:36:08,267 INFO  - HHH000108: Foreign keys: []
2017-06-16 12:36:08,267 INFO  - HHH000126: Indexes: [sys_c007479, sys_c007480, sys_c007478]
2017-06-16 12:36:08,267 INFO  - HHH000232: Schema update complete
